<?xml version="1.0" encoding="UTF-8"?>
<testng-results skipped="0" failed="1" ignored="2" total="3" passed="0">
  <reporter-output>
    <line>
      <![CDATA[This is the screenshot]]>
    </line>
    <line>
      <![CDATA[<a href='/Users/bobit/Documents/workspace/AppiumTDDFramework/Screenshots/iOS_13.5_iPhone 11/2020-06-23-00-50-32/LoginTests/invalidUserName.png'> <img src='/Users/bobit/Documents/workspace/AppiumTDDFramework/Screenshots/iOS_13.5_iPhone 11/2020-06-23-00-50-32/LoginTests/invalidUserName.png' height='400' width='400'/> </a>]]>
    </line>
  </reporter-output>
  <suite name="Suite" duration-ms="16371" started-at="2020-06-23T00:50:32 EDT" finished-at="2020-06-23T00:50:48 EDT">
    <groups>
    </groups>
    <test name="Test" duration-ms="16371" started-at="2020-06-23T00:50:32 EDT" finished-at="2020-06-23T00:50:48 EDT">
      <class name="com.qa.tests.LoginTests">
        <test-method status="PASS" signature="beforeTest(java.lang.String, java.lang.String, java.lang.String, java.lang.String, java.lang.String)[pri:0, instance:com.qa.tests.LoginTests@4516af24]" name="beforeTest" is-config="true" duration-ms="3378" started-at="2020-06-23T00:50:32 EDT" finished-at="2020-06-23T00:50:35 EDT">
          <params>
            <param index="0">
              <value>
                <![CDATA[false]]>
              </value>
            </param>
            <param index="1">
              <value>
                <![CDATA[iOS]]>
              </value>
            </param>
            <param index="2">
              <value>
                <![CDATA[13.5]]>
              </value>
            </param>
            <param index="3">
              <value>
                <![CDATA[1115fb32abd31d03]]>
              </value>
            </param>
            <param index="4">
              <value>
                <![CDATA[iPhone 11]]>
              </value>
            </param>
          </params>
          <reporter-output>
          </reporter-output>
        </test-method> <!-- beforeTest -->
        <test-method status="PASS" signature="beforeClass()[pri:0, instance:com.qa.tests.LoginTests@4516af24]" name="beforeClass" is-config="true" duration-ms="3136" started-at="2020-06-23T00:50:35 EDT" finished-at="2020-06-23T00:50:38 EDT">
          <reporter-output>
          </reporter-output>
        </test-method> <!-- beforeClass -->
        <test-method status="PASS" signature="beforeMethod(java.lang.reflect.Method)[pri:0, instance:com.qa.tests.LoginTests@4516af24]" name="beforeMethod" is-config="true" duration-ms="93" started-at="2020-06-23T00:50:38 EDT" finished-at="2020-06-23T00:50:38 EDT">
          <params>
            <param index="0">
              <value>
                <![CDATA[public void com.qa.tests.LoginTests.invalidUserName()]]>
              </value>
            </param>
          </params>
          <reporter-output>
          </reporter-output>
        </test-method> <!-- beforeMethod -->
        <test-method status="FAIL" signature="invalidUserName()[pri:0, instance:com.qa.tests.LoginTests@4516af24]" name="invalidUserName" duration-ms="8462" started-at="2020-06-23T00:50:38 EDT" finished-at="2020-06-23T00:50:47 EDT">
          <exception class="java.lang.AssertionError">
            <message>
              <![CDATA[expected [Username and password do not match any user in this service.] but found [Username and password do not match any user in this service.ffhdd]]]>
            </message>
            <full-stacktrace>
              <![CDATA[java.lang.AssertionError: expected [Username and password do not match any user in this service.] but found [Username and password do not match any user in this service.ffhdd]
at org.testng.Assert.fail(Assert.java:97)
at org.testng.Assert.assertEqualsImpl(Assert.java:136)
at org.testng.Assert.assertEquals(Assert.java:118)
at org.testng.Assert.assertEquals(Assert.java:575)
at org.testng.Assert.assertEquals(Assert.java:585)
at com.qa.tests.LoginTests.invalidUserName(LoginTests.java:70)
at sun.reflect.NativeMethodAccessorImpl.invoke0(Native Method)
at sun.reflect.NativeMethodAccessorImpl.invoke(NativeMethodAccessorImpl.java:62)
at sun.reflect.DelegatingMethodAccessorImpl.invoke(DelegatingMethodAccessorImpl.java:43)
at java.lang.reflect.Method.invoke(Method.java:498)
at org.testng.internal.MethodInvocationHelper.invokeMethod(MethodInvocationHelper.java:134)
at org.testng.internal.TestInvoker.invokeMethod(TestInvoker.java:597)
at org.testng.internal.TestInvoker.invokeTestMethod(TestInvoker.java:173)
at org.testng.internal.MethodRunner.runInSequence(MethodRunner.java:46)
at org.testng.internal.TestInvoker$MethodInvocationAgent.invoke(TestInvoker.java:816)
at org.testng.internal.TestInvoker.invokeTestMethods(TestInvoker.java:146)
at org.testng.internal.TestMethodWorker.invokeTestMethods(TestMethodWorker.java:146)
at org.testng.internal.TestMethodWorker.run(TestMethodWorker.java:128)
at java.util.ArrayList.forEach(ArrayList.java:1257)
at org.testng.TestRunner.privateRun(TestRunner.java:766)
at org.testng.TestRunner.run(TestRunner.java:587)
at org.testng.SuiteRunner.runTest(SuiteRunner.java:384)
at org.testng.SuiteRunner.runSequentially(SuiteRunner.java:378)
at org.testng.SuiteRunner.privateRun(SuiteRunner.java:337)
at org.testng.SuiteRunner.run(SuiteRunner.java:286)
at org.testng.SuiteRunnerWorker.runSuite(SuiteRunnerWorker.java:53)
at org.testng.SuiteRunnerWorker.run(SuiteRunnerWorker.java:96)
at org.testng.TestNG.runSuitesSequentially(TestNG.java:1187)
at org.testng.TestNG.runSuitesLocally(TestNG.java:1109)
at org.testng.TestNG.runSuites(TestNG.java:1039)
at org.testng.TestNG.run(TestNG.java:1007)
at org.testng.remote.AbstractRemoteTestNG.run(AbstractRemoteTestNG.java:115)
at org.testng.remote.RemoteTestNG.initAndRun(RemoteTestNG.java:251)
at org.testng.remote.RemoteTestNG.main(RemoteTestNG.java:77)
]]>
            </full-stacktrace>
          </exception> <!-- java.lang.AssertionError -->
          <reporter-output>
            <line>
              <![CDATA[This is the screenshot]]>
            </line>
            <line>
              <![CDATA[<a href='/Users/bobit/Documents/workspace/AppiumTDDFramework/Screenshots/iOS_13.5_iPhone 11/2020-06-23-00-50-32/LoginTests/invalidUserName.png'> <img src='/Users/bobit/Documents/workspace/AppiumTDDFramework/Screenshots/iOS_13.5_iPhone 11/2020-06-23-00-50-32/LoginTests/invalidUserName.png' height='400' width='400'/> </a>]]>
            </line>
          </reporter-output>
        </test-method> <!-- invalidUserName -->
        <test-method status="PASS" signature="afterMethod()[pri:0, instance:com.qa.tests.LoginTests@4516af24]" name="afterMethod" is-config="true" duration-ms="0" started-at="2020-06-23T00:50:47 EDT" finished-at="2020-06-23T00:50:47 EDT">
          <reporter-output>
          </reporter-output>
        </test-method> <!-- afterMethod -->
        <test-method status="PASS" signature="afterClass()[pri:0, instance:com.qa.tests.LoginTests@4516af24]" name="afterClass" is-config="true" duration-ms="0" started-at="2020-06-23T00:50:47 EDT" finished-at="2020-06-23T00:50:47 EDT">
          <reporter-output>
          </reporter-output>
        </test-method> <!-- afterClass -->
        <test-method status="PASS" signature="afterTest()[pri:0, instance:com.qa.tests.LoginTests@4516af24]" name="afterTest" is-config="true" duration-ms="1028" started-at="2020-06-23T00:50:47 EDT" finished-at="2020-06-23T00:50:48 EDT">
          <reporter-output>
          </reporter-output>
        </test-method> <!-- afterTest -->
      </class> <!-- com.qa.tests.LoginTests -->
    </test> <!-- Test -->
  </suite> <!-- Suite -->
</testng-results>
